<?xml version="1.0" encoding="UTF-8"?>
<!-- Generated by org.testng.reporters.JUnitReportReporter -->
<testsuite skipped="0" hostname="DESKTOP-4QSRI9K" name="package626.test6Test" tests="1" failures="0" timestamp="27 七月 2022 07:04:45 GMT" time="0.000" errors="0">
  <testcase name="qingqiu" time="0.000" classname="package626.test6Test"/>
</testsuite> <!-- package626.test6Test -->
